<?xml version="1.0" encoding="UTF-8"?>
<testsuite xmlns:xsi="http://www.w3.org/2001/XMLSchema-instance" xsi:noNamespaceSchemaLocation="https://maven.apache.org/surefire/maven-surefire-plugin/xsd/surefire-test-report-3.0.xsd" version="3.0" name="ca.mcmaster.se2aa4.island.team121.recordtests.RelativeMapTest" time="0.004" tests="4" errors="0" skipped="0" failures="0">
  <properties>
    <property name="java.specification.version" value="21"/>
    <property name="sun.jnu.encoding" value="UTF-8"/>
    <property name="java.class.path" value="/Users/zayedumer/Documents/2AA4/a2-rescue-mission-team-121/target/test-classes:/Users/zayedumer/Documents/2AA4/a2-rescue-mission-team-121/target/classes:/Users/zayedumer/.m2/repository/commons-cli/commons-cli/1.6.0/commons-cli-1.6.0.jar:/Users/zayedumer/.m2/repository/xerces/xercesImpl/2.12.2/xercesImpl-2.12.2.jar:/Users/zayedumer/.m2/repository/xml-apis/xml-apis/1.4.01/xml-apis-1.4.01.jar:/Users/zayedumer/.m2/repository/org/apache/logging/log4j/log4j-api/2.22.1/log4j-api-2.22.1.jar:/Users/zayedumer/.m2/repository/org/apache/logging/log4j/log4j-core/2.22.1/log4j-core-2.22.1.jar:/Users/zayedumer/.m2/repository/ca/ace-design-lab/island-player/3.0/island-player-3.0.jar:/Users/zayedumer/.m2/repository/ca/ace-design-lab/island-runner/3.0/island-runner-3.0.jar:/Users/zayedumer/.m2/repository/ca/ace-design-lab/island-engine/3.0/island-engine-3.0.jar:/Users/zayedumer/.m2/repository/org/scala-lang/scala-library/2.11.12/scala-library-2.11.12.jar:/Users/zayedumer/.m2/repository/com/vividsolutions/jts/1.13/jts-1.13.jar:/Users/zayedumer/.m2/repository/org/apache/xmlgraphics/batik-svggen/1.7/batik-svggen-1.7.jar:/Users/zayedumer/.m2/repository/org/apache/xmlgraphics/batik-awt-util/1.7/batik-awt-util-1.7.jar:/Users/zayedumer/.m2/repository/org/apache/xmlgraphics/batik-util/1.7/batik-util-1.7.jar:/Users/zayedumer/.m2/repository/org/apache/xmlgraphics/batik-dom/1.7/batik-dom-1.7.jar:/Users/zayedumer/.m2/repository/org/apache/xmlgraphics/batik-css/1.7/batik-css-1.7.jar:/Users/zayedumer/.m2/repository/org/apache/xmlgraphics/batik-ext/1.7/batik-ext-1.7.jar:/Users/zayedumer/.m2/repository/org/apache/xmlgraphics/batik-xml/1.7/batik-xml-1.7.jar:/Users/zayedumer/.m2/repository/xalan/xalan/2.6.0/xalan-2.6.0.jar:/Users/zayedumer/.m2/repository/xml-apis/xml-apis-ext/1.3.04/xml-apis-ext-1.3.04.jar:/Users/zayedumer/.m2/repository/org/apache/xmlgraphics/batik-svg-dom/1.7/batik-svg-dom-1.7.jar:/Users/zayedumer/.m2/repository/org/apache/xmlgraphics/batik-anim/1.7/batik-anim-1.7.jar:/Users/zayedumer/.m2/repository/org/apache/xmlgraphics/batik-parser/1.7/batik-parser-1.7.jar:/Users/zayedumer/.m2/repository/org/apache/xmlgraphics/batik-rasterizer/1.7/batik-rasterizer-1.7.jar:/Users/zayedumer/.m2/repository/org/apache/xmlgraphics/batik-transcoder/1.7/batik-transcoder-1.7.jar:/Users/zayedumer/.m2/repository/org/apache/xmlgraphics/fop/0.94/fop-0.94.jar:/Users/zayedumer/.m2/repository/org/apache/xmlgraphics/xmlgraphics-commons/1.2/xmlgraphics-commons-1.2.jar:/Users/zayedumer/.m2/repository/commons-logging/commons-logging/1.0.4/commons-logging-1.0.4.jar:/Users/zayedumer/.m2/repository/commons-io/commons-io/1.1/commons-io-1.1.jar:/Users/zayedumer/.m2/repository/org/apache/avalon/framework/avalon-framework-api/4.3.1/avalon-framework-api-4.3.1.jar:/Users/zayedumer/.m2/repository/org/apache/avalon/framework/avalon-framework-impl/4.3.1/avalon-framework-impl-4.3.1.jar:/Users/zayedumer/.m2/repository/org/apache/xmlgraphics/batik-bridge/1.7/batik-bridge-1.7.jar:/Users/zayedumer/.m2/repository/org/apache/xmlgraphics/batik-script/1.7/batik-script-1.7.jar:/Users/zayedumer/.m2/repository/org/apache/xmlgraphics/batik-js/1.7/batik-js-1.7.jar:/Users/zayedumer/.m2/repository/org/apache/xmlgraphics/batik-gvt/1.7/batik-gvt-1.7.jar:/Users/zayedumer/.m2/repository/ca/ace-design-lab/island-arena/3.0/island-arena-3.0.jar:/Users/zayedumer/.m2/repository/junit/junit/4.12/junit-4.12.jar:/Users/zayedumer/.m2/repository/org/hamcrest/hamcrest-core/1.3/hamcrest-core-1.3.jar:/Users/zayedumer/.m2/repository/org/json/json/20231013/json-20231013.jar:/Users/zayedumer/.m2/repository/org/junit/jupiter/junit-jupiter-engine/5.10.1/junit-jupiter-engine-5.10.1.jar:/Users/zayedumer/.m2/repository/org/junit/platform/junit-platform-engine/1.10.1/junit-platform-engine-1.10.1.jar:/Users/zayedumer/.m2/repository/org/opentest4j/opentest4j/1.3.0/opentest4j-1.3.0.jar:/Users/zayedumer/.m2/repository/org/junit/platform/junit-platform-commons/1.10.1/junit-platform-commons-1.10.1.jar:/Users/zayedumer/.m2/repository/org/junit/jupiter/junit-jupiter-api/5.10.1/junit-jupiter-api-5.10.1.jar:/Users/zayedumer/.m2/repository/org/apiguardian/apiguardian-api/1.1.2/apiguardian-api-1.1.2.jar:"/>
    <property name="java.vm.vendor" value="Homebrew"/>
    <property name="sun.arch.data.model" value="64"/>
    <property name="java.vendor.url" value="https://github.com/Homebrew/homebrew-core/issues"/>
    <property name="user.timezone" value="America/Toronto"/>
    <property name="os.name" value="Mac OS X"/>
    <property name="java.vm.specification.version" value="21"/>
    <property name="sun.java.launcher" value="SUN_STANDARD"/>
    <property name="user.country" value="CA"/>
    <property name="sun.boot.library.path" value="/opt/homebrew/Cellar/openjdk/21.0.1/libexec/openjdk.jdk/Contents/Home/lib"/>
    <property name="sun.java.command" value="/Users/zayedumer/Documents/2AA4/a2-rescue-mission-team-121/target/surefire/surefirebooter-20240324140151204_3.jar /Users/zayedumer/Documents/2AA4/a2-rescue-mission-team-121/target/surefire 2024-03-24T14-01-51_165-jvmRun1 surefire-20240324140151204_1tmp surefire_0-20240324140151204_2tmp"/>
    <property name="http.nonProxyHosts" value="local|*.local|169.254/16|*.169.254/16"/>
    <property name="jdk.debug" value="release"/>
    <property name="surefire.test.class.path" value="/Users/zayedumer/Documents/2AA4/a2-rescue-mission-team-121/target/test-classes:/Users/zayedumer/Documents/2AA4/a2-rescue-mission-team-121/target/classes:/Users/zayedumer/.m2/repository/commons-cli/commons-cli/1.6.0/commons-cli-1.6.0.jar:/Users/zayedumer/.m2/repository/xerces/xercesImpl/2.12.2/xercesImpl-2.12.2.jar:/Users/zayedumer/.m2/repository/xml-apis/xml-apis/1.4.01/xml-apis-1.4.01.jar:/Users/zayedumer/.m2/repository/org/apache/logging/log4j/log4j-api/2.22.1/log4j-api-2.22.1.jar:/Users/zayedumer/.m2/repository/org/apache/logging/log4j/log4j-core/2.22.1/log4j-core-2.22.1.jar:/Users/zayedumer/.m2/repository/ca/ace-design-lab/island-player/3.0/island-player-3.0.jar:/Users/zayedumer/.m2/repository/ca/ace-design-lab/island-runner/3.0/island-runner-3.0.jar:/Users/zayedumer/.m2/repository/ca/ace-design-lab/island-engine/3.0/island-engine-3.0.jar:/Users/zayedumer/.m2/repository/org/scala-lang/scala-library/2.11.12/scala-library-2.11.12.jar:/Users/zayedumer/.m2/repository/com/vividsolutions/jts/1.13/jts-1.13.jar:/Users/zayedumer/.m2/repository/org/apache/xmlgraphics/batik-svggen/1.7/batik-svggen-1.7.jar:/Users/zayedumer/.m2/repository/org/apache/xmlgraphics/batik-awt-util/1.7/batik-awt-util-1.7.jar:/Users/zayedumer/.m2/repository/org/apache/xmlgraphics/batik-util/1.7/batik-util-1.7.jar:/Users/zayedumer/.m2/repository/org/apache/xmlgraphics/batik-dom/1.7/batik-dom-1.7.jar:/Users/zayedumer/.m2/repository/org/apache/xmlgraphics/batik-css/1.7/batik-css-1.7.jar:/Users/zayedumer/.m2/repository/org/apache/xmlgraphics/batik-ext/1.7/batik-ext-1.7.jar:/Users/zayedumer/.m2/repository/org/apache/xmlgraphics/batik-xml/1.7/batik-xml-1.7.jar:/Users/zayedumer/.m2/repository/xalan/xalan/2.6.0/xalan-2.6.0.jar:/Users/zayedumer/.m2/repository/xml-apis/xml-apis-ext/1.3.04/xml-apis-ext-1.3.04.jar:/Users/zayedumer/.m2/repository/org/apache/xmlgraphics/batik-svg-dom/1.7/batik-svg-dom-1.7.jar:/Users/zayedumer/.m2/repository/org/apache/xmlgraphics/batik-anim/1.7/batik-anim-1.7.jar:/Users/zayedumer/.m2/repository/org/apache/xmlgraphics/batik-parser/1.7/batik-parser-1.7.jar:/Users/zayedumer/.m2/repository/org/apache/xmlgraphics/batik-rasterizer/1.7/batik-rasterizer-1.7.jar:/Users/zayedumer/.m2/repository/org/apache/xmlgraphics/batik-transcoder/1.7/batik-transcoder-1.7.jar:/Users/zayedumer/.m2/repository/org/apache/xmlgraphics/fop/0.94/fop-0.94.jar:/Users/zayedumer/.m2/repository/org/apache/xmlgraphics/xmlgraphics-commons/1.2/xmlgraphics-commons-1.2.jar:/Users/zayedumer/.m2/repository/commons-logging/commons-logging/1.0.4/commons-logging-1.0.4.jar:/Users/zayedumer/.m2/repository/commons-io/commons-io/1.1/commons-io-1.1.jar:/Users/zayedumer/.m2/repository/org/apache/avalon/framework/avalon-framework-api/4.3.1/avalon-framework-api-4.3.1.jar:/Users/zayedumer/.m2/repository/org/apache/avalon/framework/avalon-framework-impl/4.3.1/avalon-framework-impl-4.3.1.jar:/Users/zayedumer/.m2/repository/org/apache/xmlgraphics/batik-bridge/1.7/batik-bridge-1.7.jar:/Users/zayedumer/.m2/repository/org/apache/xmlgraphics/batik-script/1.7/batik-script-1.7.jar:/Users/zayedumer/.m2/repository/org/apache/xmlgraphics/batik-js/1.7/batik-js-1.7.jar:/Users/zayedumer/.m2/repository/org/apache/xmlgraphics/batik-gvt/1.7/batik-gvt-1.7.jar:/Users/zayedumer/.m2/repository/ca/ace-design-lab/island-arena/3.0/island-arena-3.0.jar:/Users/zayedumer/.m2/repository/junit/junit/4.12/junit-4.12.jar:/Users/zayedumer/.m2/repository/org/hamcrest/hamcrest-core/1.3/hamcrest-core-1.3.jar:/Users/zayedumer/.m2/repository/org/json/json/20231013/json-20231013.jar:/Users/zayedumer/.m2/repository/org/junit/jupiter/junit-jupiter-engine/5.10.1/junit-jupiter-engine-5.10.1.jar:/Users/zayedumer/.m2/repository/org/junit/platform/junit-platform-engine/1.10.1/junit-platform-engine-1.10.1.jar:/Users/zayedumer/.m2/repository/org/opentest4j/opentest4j/1.3.0/opentest4j-1.3.0.jar:/Users/zayedumer/.m2/repository/org/junit/platform/junit-platform-commons/1.10.1/junit-platform-commons-1.10.1.jar:/Users/zayedumer/.m2/repository/org/junit/jupiter/junit-jupiter-api/5.10.1/junit-jupiter-api-5.10.1.jar:/Users/zayedumer/.m2/repository/org/apiguardian/apiguardian-api/1.1.2/apiguardian-api-1.1.2.jar:"/>
    <property name="sun.cpu.endian" value="little"/>
    <property name="user.home" value="/Users/zayedumer"/>
    <property name="user.language" value="en"/>
    <property name="java.specification.vendor" value="Oracle Corporation"/>
    <property name="java.version.date" value="2023-10-17"/>
    <property name="java.home" value="/opt/homebrew/Cellar/openjdk/21.0.1/libexec/openjdk.jdk/Contents/Home"/>
    <property name="file.separator" value="/"/>
    <property name="basedir" value="/Users/zayedumer/Documents/2AA4/a2-rescue-mission-team-121"/>
    <property name="java.vm.compressedOopsMode" value="Zero based"/>
    <property name="line.separator" value="&#10;"/>
    <property name="java.vm.specification.vendor" value="Oracle Corporation"/>
    <property name="java.specification.name" value="Java Platform API Specification"/>
    <property name="apple.awt.application.name" value="ForkedBooter"/>
    <property name="surefire.real.class.path" value="/Users/zayedumer/Documents/2AA4/a2-rescue-mission-team-121/target/surefire/surefirebooter-20240324140151204_3.jar"/>
    <property name="sun.management.compiler" value="HotSpot 64-Bit Tiered Compilers"/>
    <property name="ftp.nonProxyHosts" value="local|*.local|169.254/16|*.169.254/16"/>
    <property name="java.runtime.version" value="21.0.1"/>
    <property name="user.name" value="zayedumer"/>
    <property name="stdout.encoding" value="UTF-8"/>
    <property name="path.separator" value=":"/>
    <property name="os.version" value="14.2.1"/>
    <property name="java.runtime.name" value="OpenJDK Runtime Environment"/>
    <property name="file.encoding" value="UTF-8"/>
    <property name="java.vm.name" value="OpenJDK 64-Bit Server VM"/>
    <property name="java.vendor.version" value="Homebrew"/>
    <property name="localRepository" value="/Users/zayedumer/.m2/repository"/>
    <property name="java.vendor.url.bug" value="https://github.com/Homebrew/homebrew-core/issues"/>
    <property name="java.io.tmpdir" value="/var/folders/z9/kp8473s15qj359p037xgnv8m0000gn/T/"/>
    <property name="java.version" value="21.0.1"/>
    <property name="user.dir" value="/Users/zayedumer/Documents/2AA4/a2-rescue-mission-team-121"/>
    <property name="os.arch" value="aarch64"/>
    <property name="java.vm.specification.name" value="Java Virtual Machine Specification"/>
    <property name="native.encoding" value="UTF-8"/>
    <property name="java.library.path" value="/Users/zayedumer/Library/Java/Extensions:/Library/Java/Extensions:/Network/Library/Java/Extensions:/System/Library/Java/Extensions:/usr/lib/java:."/>
    <property name="java.vm.info" value="mixed mode, sharing"/>
    <property name="stderr.encoding" value="UTF-8"/>
    <property name="java.vendor" value="Homebrew"/>
    <property name="java.vm.version" value="21.0.1"/>
    <property name="sun.io.unicode.encoding" value="UnicodeBig"/>
    <property name="socksNonProxyHosts" value="local|*.local|169.254/16|*.169.254/16"/>
    <property name="java.class.version" value="65.0"/>
  </properties>
  <testcase name="testUpdateFly" classname="ca.mcmaster.se2aa4.island.team121.recordtests.RelativeMapTest" time="0.002"/>
  <testcase name="testUpdateScan" classname="ca.mcmaster.se2aa4.island.team121.recordtests.RelativeMapTest" time="0.001"/>
  <testcase name="testUpdateTurn" classname="ca.mcmaster.se2aa4.island.team121.recordtests.RelativeMapTest" time="0.0"/>
  <testcase name="testGetCreekSiteDistances" classname="ca.mcmaster.se2aa4.island.team121.recordtests.RelativeMapTest" time="0.0"/>
</testsuite>